Deploy Failed.

Id: 0Af6F00000UFLrTSAX
Status: Failed
Success: false
Done: true
Number Component Errors; 43
Number Components Deployed: 264
Number Components Total: 307
Number Test Errors; 0
Number Tests Completed: 0
Number Tests Total: 0

Failures:
 - Error on src/layouts/SocialPost-Social Post Layout.layout : Parent entity failed to deploy
 - Error on src/workflows/SocialPost.workflow : Cannot create workflow directly; must create the CustomObject first
 - Error on src/quickActions/Case.LogACall.quickAction : An unexpected error occurred. Please include this ErrorId if you contact support: 875593519-326015 (-1431893360)
 - Error on src/workflows/Question.workflow : Cannot create workflow directly; must create the CustomObject first
 - Error on src/workflows/Reply.workflow : Cannot create workflow directly; must create the CustomObject first
 - Error on src/profiles/Custom%3A Sales Profile.profile (227:24) : In field: layout - no Layout named SocialPost-Social Post Layout found
 - Error on src/profiles/Custom%3A Marketing Profile.profile (227:24) : In field: layout - no Layout named SocialPost-Social Post Layout found
 - Error on src/profiles/Cross Org Data Proxy User.profile (227:24) : In field: layout - no Layout named SocialPost-Social Post Layout found
 - Error on src/profiles/ContractManager.profile (227:24) : In field: layout - no Layout named SocialPost-Social Post Layout found
 - Error on src/profiles/Chatter Moderator User.profile (227:24) : In field: layout - no Layout named SocialPost-Social Post Layout found
 - Error on src/profiles/Chatter Free User.profile (227:24) : In field: layout - no Layout named SocialPost-Social Post Layout found
 - Error on src/profiles/Chatter External User.profile (227:24) : In field: layout - no Layout named SocialPost-Social Post Layout found
 - Error on src/profiles/CPQ Integration User.profile (227:24) : In field: layout - no Layout named SocialPost-Social Post Layout found
 - Error on src/profiles/Authenticated Website.profile (227:24) : In field: layout - no Layout named SocialPost-Social Post Layout found
 - Error on src/profiles/Analytics Cloud Security User.profile (227:24) : In field: layout - no Layout named SocialPost-Social Post Layout found
 - Error on src/profiles/Analytics Cloud Integration User.profile (227:24) : In field: layout - no Layout named SocialPost-Social Post Layout found
 - Error on src/profiles/Admin.profile (227:24) : In field: layout - no Layout named SocialPost-Social Post Layout found
 - Error on src/profiles/Custom%3A Support Profile.profile (227:24) : In field: layout - no Layout named SocialPost-Social Post Layout found
 - Error on src/profiles/Customer Community Plus User.profile (227:24) : In field: layout - no Layout named SocialPost-Social Post Layout found
 - Error on src/profiles/Customer Community Plus Login User.profile (227:24) : In field: layout - no Layout named SocialPost-Social Post Layout found
 - Error on src/profiles/Customer Community Login User.profile (227:24) : In field: layout - no Layout named SocialPost-Social Post Layout found
 - Error on src/profiles/Customer Community User.profile (227:24) : In field: layout - no Layout named SocialPost-Social Post Layout found
 - Error on src/profiles/Work%2Ecom Only User.profile (227:24) : In field: layout - no Layout named SocialPost-Social Post Layout found
 - Error on src/profiles/Customer Portal Manager Standard.profile (227:24) : In field: layout - no Layout named SocialPost-Social Post Layout found
 - Error on src/profiles/External Identity User.profile (227:24) : In field: layout - no Layout named SocialPost-Social Post Layout found
 - Error on src/profiles/Force%2Ecom - App Subscription User.profile (227:24) : In field: layout - no Layout named SocialPost-Social Post Layout found
 - Error on src/profiles/Force%2Ecom - Free User.profile (227:24) : In field: layout - no Layout named SocialPost-Social Post Layout found
 - Error on src/profiles/Gold Partner User.profile (227:24) : In field: layout - no Layout named SocialPost-Social Post Layout found
 - Error on src/profiles/High Volume Customer Portal User.profile (227:24) : In field: layout - no Layout named SocialPost-Social Post Layout found
 - Error on src/profiles/HighVolumePortal.profile (227:24) : In field: layout - no Layout named SocialPost-Social Post Layout found
 - Error on src/profiles/Identity User.profile (227:24) : In field: layout - no Layout named SocialPost-Social Post Layout found
 - Error on src/profiles/MarketingProfile.profile (227:24) : In field: layout - no Layout named SocialPost-Social Post Layout found
 - Error on src/profiles/Partner App Subscription User.profile (227:24) : In field: layout - no Layout named SocialPost-Social Post Layout found
 - Error on src/profiles/Partner Community Login User.profile (227:24) : In field: layout - no Layout named SocialPost-Social Post Layout found
 - Error on src/profiles/Partner Community User.profile (227:24) : In field: layout - no Layout named SocialPost-Social Post Layout found
 - Error on src/profiles/PlatformPortal.profile (227:24) : In field: layout - no Layout named SocialPost-Social Post Layout found
 - Error on src/profiles/ReadOnly.profile (227:24) : In field: layout - no Layout named SocialPost-Social Post Layout found
 - Error on src/profiles/Silver Partner User.profile (227:24) : In field: layout - no Layout named SocialPost-Social Post Layout found
 - Error on src/profiles/StandardAul.profile (227:24) : In field: layout - no Layout named SocialPost-Social Post Layout found
 - Error on src/profiles/Standard.profile (227:24) : In field: layout - no Layout named SocialPost-Social Post Layout found
 - Error on src/profiles/SolutionManager.profile (227:24) : In field: layout - no Layout named SocialPost-Social Post Layout found
 - Error on src/profiles/Customer Portal Manager Custom.profile (227:24) : In field: layout - no Layout named SocialPost-Social Post Layout found
 - Error on src/settings/Search.settings : Entity is null or entity element's name is null
